<?xml version="1.0" encoding="UTF-8"?>
<!-- Generated by org.testng.reporters.JUnitXMLReporter -->
<testsuite ignored="2" hostname="DESKTOP-DRH83U0" failures="0" tests="3" name="Test" time="0.072" errors="0" timestamp="2023-01-18T12:39:01 IST">
  <testcase classname="createTest.ModularCustomer" name="editcustomer" time="0.009"/>
  <testcase classname="createTest.Demo1" name="modify12" time="0.003"/>
  <testcase classname="createTest.CustomerModule" name="delete" time="0.002"/>
  <testcase classname="createTest.CreateCustomer" name="create" time="0.0">
    <ignored/>
  </testcase> <!-- create -->
  <testcase classname="createTest.Demo1" name="modify1" time="0.0">
    <ignored/>
  </testcase> <!-- modify1 -->
</testsuite> <!-- Test -->
