<?xml version="1.0" encoding="UTF-8"?>
<!-- Generated by org.testng.reporters.JUnitXMLReporter -->
<testsuite hostname="DESKTOP-LR7I5H0" ignored="2" name="Test" tests="3" failures="0" timestamp="2023-01-23T17:27:48 IST" time="0.126" errors="0">
  <testcase name="editcustomer" time="0.017" classname="createTest.ModularCustomer"/>
  <testcase name="modify12" time="0.003" classname="createTest.Demo1"/>
  <testcase name="delete" time="0.003" classname="createTest.CustomerModule"/>
  <testcase name="create" time="0.0" classname="createTest.CreateCustomer">
    <ignored/>
  </testcase> <!-- create -->
  <testcase name="modify1" time="0.0" classname="createTest.Demo1">
    <ignored/>
  </testcase> <!-- modify1 -->
</testsuite> <!-- Test -->
