<?xml version="1.0" encoding="UTF-8"?>
<testng-results skipped="0" failed="0" ignored="2" total="5" passed="3">
  <reporter-output>
  </reporter-output>
  <suite name="Suite" duration-ms="126" started-at="2023-01-23T17:27:48 IST" finished-at="2023-01-23T17:27:48 IST">
    <groups>
      <group name="regression">
        <method signature="CustomerModule.delete()[pri:0, instance:createTest.CustomerModule@7ce6a65d]" name="delete" class="createTest.CustomerModule"/>
        <method signature="Demo1.modify12()[pri:0, instance:createTest.Demo1@26a7b76d]" name="modify12" class="createTest.Demo1"/>
        <method signature="ModularCustomer.editcustomer()[pri:0, instance:createTest.ModularCustomer@32d2fa64]" name="editcustomer" class="createTest.ModularCustomer"/>
      </group> <!-- regression -->
    </groups>
    <test name="Test" duration-ms="126" started-at="2023-01-23T17:27:48 IST" finished-at="2023-01-23T17:27:48 IST">
      <class name="createTest.Demo1">
        <test-method status="PASS" signature="modify12()[pri:0, instance:createTest.Demo1@26a7b76d]" name="modify12" duration-ms="3" started-at="2023-01-23T17:27:48 IST" finished-at="2023-01-23T17:27:48 IST">
          <reporter-output>
          </reporter-output>
        </test-method> <!-- modify12 -->
      </class> <!-- createTest.Demo1 -->
      <class name="createTest.ModularCustomer">
        <test-method status="PASS" signature="editcustomer()[pri:0, instance:createTest.ModularCustomer@32d2fa64]" name="editcustomer" duration-ms="17" started-at="2023-01-23T17:27:48 IST" finished-at="2023-01-23T17:27:48 IST">
          <reporter-output>
          </reporter-output>
        </test-method> <!-- editcustomer -->
      </class> <!-- createTest.ModularCustomer -->
      <class name="createTest.CustomerModule">
        <test-method status="PASS" signature="delete()[pri:0, instance:createTest.CustomerModule@7ce6a65d]" name="delete" duration-ms="3" started-at="2023-01-23T17:27:48 IST" finished-at="2023-01-23T17:27:48 IST">
          <reporter-output>
          </reporter-output>
        </test-method> <!-- delete -->
      </class> <!-- createTest.CustomerModule -->
    </test> <!-- Test -->
  </suite> <!-- Suite -->
</testng-results>
