<?xml version="1.0" encoding="UTF-8"?>
<testng-results ignored="0" total="1" passed="1" failed="0" skipped="0">
  <reporter-output>
  </reporter-output>
  <suite started-at="2023-01-18T13:12:21 IST" name="Default suite" finished-at="2023-01-18T13:12:22 IST" duration-ms="69">
    <groups>
    </groups>
    <test started-at="2023-01-18T13:12:21 IST" name="Default test" finished-at="2023-01-18T13:12:22 IST" duration-ms="69">
      <class name="createTest.Parameter_Test">
        <test-method signature="runparameter()[pri:0, instance:createTest.Parameter_Test@33990a0c]" started-at="2023-01-18T13:12:22 IST" name="runparameter" finished-at="2023-01-18T13:12:22 IST" duration-ms="9" status="PASS">
          <reporter-output>
          </reporter-output>
        </test-method> <!-- runparameter -->
      </class> <!-- createTest.Parameter_Test -->
    </test> <!-- Default test -->
  </suite> <!-- Default suite -->
</testng-results>
